*
* Visual Studio Code Server
*
* By using the software, you agree to
* the Visual Studio Code Server License Terms (https://aka.ms/vscode-server-license) and
* the Microsoft Privacy Statement (https://privacy.microsoft.com/en-US/privacystatement).
*
Server bound to 127.0.0.1:42941 (IPv4)
Extension host agent listening on 42941

[00:44:52] 




[00:44:52] Extension host agent started.
[00:44:52] [127.0.0.1][99556f10][ManagementConnection] New connection established.
[00:44:52] [127.0.0.1][e596b296][ExtensionHostConnection] New connection established.
[00:44:53] [127.0.0.1][e596b296][ExtensionHostConnection] <3953881> Launched Extension Host Process.
rejected promise not handled within 1 second: CodeExpectedError: Could not find pty on pty host
stack trace: CodeExpectedError: Could not find pty on pty host
    at A.U (/home/cc/.vscode-server/bin/31c37ee8f63491495ac49e43b8544550fbae4533/out/vs/platform/terminal/node/ptyHostMain.js:43:32407)
    at A.updateTitle (/home/cc/.vscode-server/bin/31c37ee8f63491495ac49e43b8544550fbae4533/out/vs/platform/terminal/node/ptyHostMain.js:43:27539)
    at U.<computed> (/home/cc/.vscode-server/bin/31c37ee8f63491495ac49e43b8544550fbae4533/out/vs/platform/terminal/node/ptyHostMain.js:43:22765)
    at Object.call (/home/cc/.vscode-server/bin/31c37ee8f63491495ac49e43b8544550fbae4533/out/vs/platform/terminal/node/ptyHostMain.js:34:5041)
    at $.s (/home/cc/.vscode-server/bin/31c37ee8f63491495ac49e43b8544550fbae4533/out/vs/platform/terminal/node/ptyHostMain.js:32:5153)
    at $.q (/home/cc/.vscode-server/bin/31c37ee8f63491495ac49e43b8544550fbae4533/out/vs/platform/terminal/node/ptyHostMain.js:32:4662)
    at a.value (/home/cc/.vscode-server/bin/31c37ee8f63491495ac49e43b8544550fbae4533/out/vs/platform/terminal/node/ptyHostMain.js:32:4064)
    at d.y (/home/cc/.vscode-server/bin/31c37ee8f63491495ac49e43b8544550fbae4533/out/vs/platform/terminal/node/ptyHostMain.js:27:1906)
    at d.fire (/home/cc/.vscode-server/bin/31c37ee8f63491495ac49e43b8544550fbae4533/out/vs/platform/terminal/node/ptyHostMain.js:27:2123)
    at process.ne (/home/cc/.vscode-server/bin/31c37ee8f63491495ac49e43b8544550fbae4533/out/vs/platform/terminal/node/ptyHostMain.js:25:10072)
    at process.emit (node:events:514:28)
    at emit (node:internal/child_process:937:14)
    at process.processTicksAndRejections (node:internal/process/task_queues:83:21)
[00:44:55] Error [CodeExpectedError]: Could not find pty on pty host
    at A.U (/home/cc/.vscode-server/bin/31c37ee8f63491495ac49e43b8544550fbae4533/out/vs/platform/terminal/node/ptyHostMain.js:43:32407)
    at A.updateTitle (/home/cc/.vscode-server/bin/31c37ee8f63491495ac49e43b8544550fbae4533/out/vs/platform/terminal/node/ptyHostMain.js:43:27539)
    at U.<computed> (/home/cc/.vscode-server/bin/31c37ee8f63491495ac49e43b8544550fbae4533/out/vs/platform/terminal/node/ptyHostMain.js:43:22765)
    at Object.call (/home/cc/.vscode-server/bin/31c37ee8f63491495ac49e43b8544550fbae4533/out/vs/platform/terminal/node/ptyHostMain.js:34:5041)
    at $.s (/home/cc/.vscode-server/bin/31c37ee8f63491495ac49e43b8544550fbae4533/out/vs/platform/terminal/node/ptyHostMain.js:32:5153)
    at $.q (/home/cc/.vscode-server/bin/31c37ee8f63491495ac49e43b8544550fbae4533/out/vs/platform/terminal/node/ptyHostMain.js:32:4662)
    at a.value (/home/cc/.vscode-server/bin/31c37ee8f63491495ac49e43b8544550fbae4533/out/vs/platform/terminal/node/ptyHostMain.js:32:4064)
    at d.y (/home/cc/.vscode-server/bin/31c37ee8f63491495ac49e43b8544550fbae4533/out/vs/platform/terminal/node/ptyHostMain.js:27:1906)
    at d.fire (/home/cc/.vscode-server/bin/31c37ee8f63491495ac49e43b8544550fbae4533/out/vs/platform/terminal/node/ptyHostMain.js:27:2123)
    at process.ne (/home/cc/.vscode-server/bin/31c37ee8f63491495ac49e43b8544550fbae4533/out/vs/platform/terminal/node/ptyHostMain.js:25:10072)
    at process.emit (node:events:514:28)
    at emit (node:internal/child_process:937:14)
    at process.processTicksAndRejections (node:internal/process/task_queues:83:21)
New EH opened, aborting shutdown
[00:49:52] New EH opened, aborting shutdown
[02:54:30] [127.0.0.1][99556f10][ManagementConnection] The client has disconnected gracefully, so the connection will be disposed.
[02:54:30] [127.0.0.1][e596b296][ExtensionHostConnection] <3953881> Extension Host Process exited with code: 0, signal: null.
Last EH closed, waiting before shutting down
[02:54:30] Last EH closed, waiting before shutting down
Last EH closed, shutting down
[02:59:30] Last EH closed, shutting down
